<?xml version="1.0" encoding="UTF-8"?>
<!-- Generated by org.testng.reporters.JUnitReportReporter -->
<testsuite hostname="Ansh-PC" name="com.PageLibrary.com.Randford.TestExecution" tests="3" failures="0" timestamp="15 Jun 2018 19:07:22 GMT" time="87.892" errors="0">
  <testcase name="branch_excelConnection" time="50.840" classname="com.PageLibrary.com.Randford.TestExecution"/>
  <testcase name="role_excelConnection" time="29.549" classname="com.PageLibrary.com.Randford.TestExecution"/>
  <testcase name="verify_login" time="7.503" classname="com.PageLibrary.com.Randford.TestExecution"/>
</testsuite> <!-- com.PageLibrary.com.Randford.TestExecution -->
